2022-01-06 13:58:25,442:[def_loggin]:(INFO):= 45
2022-01-06 13:58:25,443:[def_loggin]:(INFO):= 무매_45은 수익 없음.
2022-01-06 13:58:25,444:[def_loggin]:(INFO):= 24
2022-01-06 13:58:25,516:[def_loggin]:(INFO):= 24는 요청한 계좌번호임.
2022-01-06 13:58:25,517:[def_loggin]:(INFO):= ava1_24의 일 수익은 : 143.87
2022-01-06 13:58:26,254:[def_loggin]:(INFO):= 23
2022-01-06 13:58:26,255:[def_loggin]:(INFO):= ava2_23은 수익 없음.
2022-01-06 13:58:26,256:[def_loggin]:(INFO):= 62
2022-01-06 13:58:26,256:[def_loggin]:(INFO):= ava3_62은 수익 없음.
2022-01-06 13:58:26,257:[def_loggin]:(INFO):= 04
2022-01-06 13:58:26,258:[def_loggin]:(INFO):= TLP1_04은 수익 없음.
2022-01-06 13:58:26,259:[def_loggin]:(INFO):= 02
2022-01-06 13:58:26,268:[def_loggin]:(INFO):= TLP2_02은 수익 없음.
2022-01-06 13:58:26,270:[def_loggin]:(INFO):= 09
2022-01-06 13:58:26,270:[def_loggin]:(INFO):= TLP3_09은 수익 없음.
2022-01-06 18:00:54,240:[def_loggin]:(INFO):= 영운문창 활성화
2022-01-06 18:00:54,240:[def_loggin]:(INFO):= 영운문창 활성화
2022-01-06 18:35:18,907 Traceback (most recent call last):
  File "d:/TaiCloud/Documents/Project/Lotto/main_lee.py", line 27, in <module>
    save_screenshot(user)
  File "d:\TaiCloud\Documents\Project\Lotto\def_kw.py", line 419, in save_screenshot
    x, y = xyp_findxy("2152")
TypeError: cannot unpack non-iterable NoneType object

2022-01-06 20:56:39,905:[def_loggin]:(INFO):= 영운문창 활성화
2022-01-06 20:56:46,596:[def_loggin]:(INFO):= VR 매수시작
2022-01-06 22:34:06,392:[def_loggin]:(INFO):= 첫째 : 04
2022-01-06 22:34:06,393:[def_loggin]:(INFO):= 2
2022-01-06 22:34:18,772:[def_loggin]:(INFO):= 3
2022-01-06 22:34:18,772:[def_loggin]:(INFO):= 매수 거래 없음.
2022-01-06 22:34:18,773:[def_loggin]:(INFO):= 4
2022-01-06 22:34:24,429:[def_loggin]:(INFO):= sell not
2022-01-06 22:36:23,156:[def_loggin]:(INFO):= 첫째 : 04
2022-01-06 22:36:23,156:[def_loggin]:(INFO):= 2
2022-01-06 22:36:34,397:[def_loggin]:(INFO):= 3
2022-01-06 22:36:34,398:[def_loggin]:(INFO):= 매수 거래 없음.
2022-01-06 22:36:34,399:[def_loggin]:(INFO):= 4
2022-01-06 22:36:39,948:[def_loggin]:(INFO):= sell not
2022-01-06 22:47:46,840 - root - INFO - gkgkgk하하하
